app/build/intermediates/manifest_merge_blame_file/debug/manifest-merger-blame-debug-report.txt
1<?xml version="1.0" encoding="utf-8"?>
2<manifest xmlns:android="http://schemas.android.com/apk/res/android"
3    package="com.soulassistant.app"
4    android:versionCode="1"
5    android:versionName="1.0" >
6
7    <uses-sdk
8        android:minSdkVersion="26"
9        android:targetSdkVersion="34" />
10
11    <!-- Network -->
12    <uses-permission android:name="android.permission.INTERNET" />
12-->src\main\AndroidManifest.xml:6:5-67
12-->src\main\AndroidManifest.xml:6:22-64
13    <uses-permission android:name="android.permission.ACCESS_NETWORK_STATE" />
13-->src\main\AndroidManifest.xml:7:5-79
13-->src\main\AndroidManifest.xml:7:22-76
14    <uses-permission android:name="android.permission.ACCESS_WIFI_STATE" />
14-->src\main\AndroidManifest.xml:8:5-76
14-->src\main\AndroidManifest.xml:8:22-73
15    <uses-permission android:name="android.permission.CHANGE_WIFI_STATE" />
15-->src\main\AndroidManifest.xml:9:5-76
15-->src\main\AndroidManifest.xml:9:22-73
16
17    <!-- Audio -->
18    <uses-permission android:name="android.permission.RECORD_AUDIO" />
18-->src\main\AndroidManifest.xml:12:5-71
18-->src\main\AndroidManifest.xml:12:22-68
19
20    <!-- Contacts & SMS & Calls -->
21    <uses-permission android:name="android.permission.READ_CONTACTS" />
21-->src\main\AndroidManifest.xml:15:5-72
21-->src\main\AndroidManifest.xml:15:22-69
22    <uses-permission android:name="android.permission.WRITE_CONTACTS" />
22-->src\main\AndroidManifest.xml:16:5-73
22-->src\main\AndroidManifest.xml:16:22-70
23    <uses-permission android:name="android.permission.SEND_SMS" />
23-->src\main\AndroidManifest.xml:17:5-67
23-->src\main\AndroidManifest.xml:17:22-64
24    <uses-permission android:name="android.permission.READ_SMS" />
24-->src\main\AndroidManifest.xml:18:5-67
24-->src\main\AndroidManifest.xml:18:22-64
25    <uses-permission android:name="android.permission.CALL_PHONE" />
25-->src\main\AndroidManifest.xml:19:5-69
25-->src\main\AndroidManifest.xml:19:22-66
26    <uses-permission android:name="android.permission.READ_CALL_LOG" />
26-->src\main\AndroidManifest.xml:20:5-72
26-->src\main\AndroidManifest.xml:20:22-69
27    <uses-permission android:name="android.permission.WRITE_CALL_LOG" />
27-->src\main\AndroidManifest.xml:21:5-73
27-->src\main\AndroidManifest.xml:21:22-70
28    <uses-permission android:name="android.permission.PROCESS_OUTGOING_CALLS" />
28-->src\main\AndroidManifest.xml:22:5-81
28-->src\main\AndroidManifest.xml:22:22-78
29
30    <!-- Storage -->
31    <uses-permission android:name="android.permission.READ_EXTERNAL_STORAGE" />
31-->src\main\AndroidManifest.xml:25:5-80
31-->src\main\AndroidManifest.xml:25:22-77
32    <uses-permission android:name="android.permission.WRITE_EXTERNAL_STORAGE" />
32-->src\main\AndroidManifest.xml:26:5-81
32-->src\main\AndroidManifest.xml:26:22-78
33    <uses-permission android:name="android.permission.MANAGE_EXTERNAL_STORAGE" />
33-->src\main\AndroidManifest.xml:27:5-28:40
33-->src\main\AndroidManifest.xml:27:22-79
34    <uses-permission android:name="android.permission.READ_MEDIA_IMAGES" />
34-->src\main\AndroidManifest.xml:29:5-76
34-->src\main\AndroidManifest.xml:29:22-73
35    <uses-permission android:name="android.permission.READ_MEDIA_VIDEO" />
35-->src\main\AndroidManifest.xml:30:5-75
35-->src\main\AndroidManifest.xml:30:22-72
36    <uses-permission android:name="android.permission.READ_MEDIA_AUDIO" />
36-->src\main\AndroidManifest.xml:31:5-75
36-->src\main\AndroidManifest.xml:31:22-72
37
38    <!-- System -->
39    <uses-permission
39-->src\main\AndroidManifest.xml:34:5-95
40        android:name="android.permission.BLUETOOTH"
40-->src\main\AndroidManifest.xml:34:22-65
41        android:maxSdkVersion="30" />
41-->src\main\AndroidManifest.xml:34:66-92
42    <uses-permission
42-->src\main\AndroidManifest.xml:35:5-101
43        android:name="android.permission.BLUETOOTH_ADMIN"
43-->src\main\AndroidManifest.xml:35:22-71
44        android:maxSdkVersion="30" />
44-->src\main\AndroidManifest.xml:35:72-98
45    <uses-permission android:name="android.permission.BLUETOOTH_CONNECT" />
45-->src\main\AndroidManifest.xml:36:5-76
45-->src\main\AndroidManifest.xml:36:22-73
46    <uses-permission android:name="android.permission.CAMERA" />
46-->src\main\AndroidManifest.xml:37:5-65
46-->src\main\AndroidManifest.xml:37:22-62
47    <uses-permission android:name="android.permission.FLASHLIGHT" />
47-->src\main\AndroidManifest.xml:38:5-69
47-->src\main\AndroidManifest.xml:38:22-66
48    <uses-permission android:name="android.permission.SYSTEM_ALERT_WINDOW" />
48-->src\main\AndroidManifest.xml:39:5-78
48-->src\main\AndroidManifest.xml:39:22-75
49
50    <!-- App Management -->
51    <uses-permission android:name="android.permission.QUERY_ALL_PACKAGES" />
51-->src\main\AndroidManifest.xml:42:5-43:53
51-->src\main\AndroidManifest.xml:42:22-74
52
53    <permission
53-->[androidx.core:core:1.12.0] AndroidManifest.xml:22:5-24:47
54        android:name="com.soulassistant.app.DYNAMIC_RECEIVER_NOT_EXPORTED_PERMISSION"
54-->[androidx.core:core:1.12.0] AndroidManifest.xml:23:9-81
55        android:protectionLevel="signature" />
55-->[androidx.core:core:1.12.0] AndroidManifest.xml:24:9-44
56
57    <uses-permission android:name="com.soulassistant.app.DYNAMIC_RECEIVER_NOT_EXPORTED_PERMISSION" />
57-->[androidx.core:core:1.12.0] AndroidManifest.xml:26:5-97
57-->[androidx.core:core:1.12.0] AndroidManifest.xml:26:22-94
58
59    <application
59-->src\main\AndroidManifest.xml:45:5-89:19
60        android:name="com.soulassistant.app.JarvisApplication"
60-->src\main\AndroidManifest.xml:46:9-42
61        android:allowBackup="true"
61-->src\main\AndroidManifest.xml:47:9-35
62        android:appComponentFactory="androidx.core.app.CoreComponentFactory"
62-->[androidx.core:core:1.12.0] AndroidManifest.xml:28:18-86
63        android:dataExtractionRules="@xml/data_extraction_rules"
63-->src\main\AndroidManifest.xml:48:9-65
64        android:debuggable="true"
65        android:extractNativeLibs="false"
66        android:fullBackupContent="@xml/backup_rules"
66-->src\main\AndroidManifest.xml:49:9-54
67        android:icon="@mipmap/ic_launcher"
67-->src\main\AndroidManifest.xml:50:9-43
68        android:label="@string/app_name"
68-->src\main\AndroidManifest.xml:51:9-41
69        android:roundIcon="@mipmap/ic_launcher_round"
69-->src\main\AndroidManifest.xml:52:9-54
70        android:supportsRtl="true"
70-->src\main\AndroidManifest.xml:53:9-35
71        android:theme="@style/Theme.JarvisAssistant" >
71-->src\main\AndroidManifest.xml:54:9-53
72        <activity
72-->src\main\AndroidManifest.xml:57:9-65:20
73            android:name="com.soulassistant.app.presentation.MainActivity"
73-->src\main\AndroidManifest.xml:58:13-54
74            android:exported="true"
74-->src\main\AndroidManifest.xml:59:13-36
75            android:theme="@style/Theme.JarvisAssistant" >
75-->src\main\AndroidManifest.xml:60:13-57
76            <intent-filter>
76-->src\main\AndroidManifest.xml:61:13-64:29
77                <action android:name="android.intent.action.MAIN" />
77-->src\main\AndroidManifest.xml:62:17-69
77-->src\main\AndroidManifest.xml:62:25-66
78
79                <category android:name="android.intent.category.LAUNCHER" />
79-->src\main\AndroidManifest.xml:63:17-77
79-->src\main\AndroidManifest.xml:63:27-74
80            </intent-filter>
81        </activity>
82
83        <service
83-->src\main\AndroidManifest.xml:67:9-74:19
84            android:name="com.soulassistant.app.data.service.JarvisNotificationListener"
84-->src\main\AndroidManifest.xml:67:18-73
85            android:exported="true"
85-->src\main\AndroidManifest.xml:70:13-36
86            android:label="@string/service_name"
86-->src\main\AndroidManifest.xml:68:13-49
87            android:permission="android.permission.BIND_NOTIFICATION_LISTENER_SERVICE" >
87-->src\main\AndroidManifest.xml:69:13-87
88            <intent-filter>
88-->src\main\AndroidManifest.xml:71:13-73:29
89                <action android:name="android.service.notification.NotificationListenerService" />
89-->src\main\AndroidManifest.xml:72:17-99
89-->src\main\AndroidManifest.xml:72:25-96
90            </intent-filter>
91        </service>
92        <service
92-->src\main\AndroidManifest.xml:76:9-87:19
93            android:name="com.soulassistant.app.data.service.JarvisAccessibilityService"
93-->src\main\AndroidManifest.xml:77:13-68
94            android:exported="true"
94-->src\main\AndroidManifest.xml:80:13-36
95            android:label="@string/accessibility_service_label"
95-->src\main\AndroidManifest.xml:78:13-64
96            android:permission="android.permission.BIND_ACCESSIBILITY_SERVICE" >
96-->src\main\AndroidManifest.xml:79:13-79
97            <intent-filter>
97-->src\main\AndroidManifest.xml:81:13-83:29
98                <action android:name="android.accessibilityservice.AccessibilityService" />
98-->src\main\AndroidManifest.xml:82:17-92
98-->src\main\AndroidManifest.xml:82:25-89
99            </intent-filter>
100
101            <meta-data
101-->src\main\AndroidManifest.xml:84:13-86:72
102                android:name="android.accessibilityservice"
102-->src\main\AndroidManifest.xml:85:17-60
103                android:resource="@xml/accessibility_service_config" />
103-->src\main\AndroidManifest.xml:86:17-69
104        </service>
105
106        <provider
106-->[androidx.emoji2:emoji2:1.2.0] AndroidManifest.xml:24:9-32:20
107            android:name="androidx.startup.InitializationProvider"
107-->[androidx.emoji2:emoji2:1.2.0] AndroidManifest.xml:25:13-67
108            android:authorities="com.soulassistant.app.androidx-startup"
108-->[androidx.emoji2:emoji2:1.2.0] AndroidManifest.xml:26:13-68
109            android:exported="false" >
109-->[androidx.emoji2:emoji2:1.2.0] AndroidManifest.xml:27:13-37
110            <meta-data
110-->[androidx.emoji2:emoji2:1.2.0] AndroidManifest.xml:29:13-31:52
111                android:name="androidx.emoji2.text.EmojiCompatInitializer"
111-->[androidx.emoji2:emoji2:1.2.0] AndroidManifest.xml:30:17-75
112                android:value="androidx.startup" />
112-->[androidx.emoji2:emoji2:1.2.0] AndroidManifest.xml:31:17-49
113            <meta-data
113-->[androidx.lifecycle:lifecycle-process:2.7.0] AndroidManifest.xml:29:13-31:52
114                android:name="androidx.lifecycle.ProcessLifecycleInitializer"
114-->[androidx.lifecycle:lifecycle-process:2.7.0] AndroidManifest.xml:30:17-78
115                android:value="androidx.startup" />
115-->[androidx.lifecycle:lifecycle-process:2.7.0] AndroidManifest.xml:31:17-49
116            <meta-data
116-->[androidx.profileinstaller:profileinstaller:1.3.0] AndroidManifest.xml:29:13-31:52
117                android:name="androidx.profileinstaller.ProfileInstallerInitializer"
117-->[androidx.profileinstaller:profileinstaller:1.3.0] AndroidManifest.xml:30:17-85
118                android:value="androidx.startup" />
118-->[androidx.profileinstaller:profileinstaller:1.3.0] AndroidManifest.xml:31:17-49
119        </provider>
120
121        <receiver
121-->[androidx.profileinstaller:profileinstaller:1.3.0] AndroidManifest.xml:34:9-52:20
122            android:name="androidx.profileinstaller.ProfileInstallReceiver"
122-->[androidx.profileinstaller:profileinstaller:1.3.0] AndroidManifest.xml:35:13-76
123            android:directBootAware="false"
123-->[androidx.profileinstaller:profileinstaller:1.3.0] AndroidManifest.xml:36:13-44
124            android:enabled="true"
124-->[androidx.profileinstaller:profileinstaller:1.3.0] AndroidManifest.xml:37:13-35
125            android:exported="true"
125-->[androidx.profileinstaller:profileinstaller:1.3.0] AndroidManifest.xml:38:13-36
126            android:permission="android.permission.DUMP" >
126-->[androidx.profileinstaller:profileinstaller:1.3.0] AndroidManifest.xml:39:13-57
127            <intent-filter>
127-->[androidx.profileinstaller:profileinstaller:1.3.0] AndroidManifest.xml:40:13-42:29
128                <action android:name="androidx.profileinstaller.action.INSTALL_PROFILE" />
128-->[androidx.profileinstaller:profileinstaller:1.3.0] AndroidManifest.xml:41:17-91
128-->[androidx.profileinstaller:profileinstaller:1.3.0] AndroidManifest.xml:41:25-88
129            </intent-filter>
130            <intent-filter>
130-->[androidx.profileinstaller:profileinstaller:1.3.0] AndroidManifest.xml:43:13-45:29
131                <action android:name="androidx.profileinstaller.action.SKIP_FILE" />
131-->[androidx.profileinstaller:profileinstaller:1.3.0] AndroidManifest.xml:44:17-85
131-->[androidx.profileinstaller:profileinstaller:1.3.0] AndroidManifest.xml:44:25-82
132            </intent-filter>
133            <intent-filter>
133-->[androidx.profileinstaller:profileinstaller:1.3.0] AndroidManifest.xml:46:13-48:29
134                <action android:name="androidx.profileinstaller.action.SAVE_PROFILE" />
134-->[androidx.profileinstaller:profileinstaller:1.3.0] AndroidManifest.xml:47:17-88
134-->[androidx.profileinstaller:profileinstaller:1.3.0] AndroidManifest.xml:47:25-85
135            </intent-filter>
136            <intent-filter>
136-->[androidx.profileinstaller:profileinstaller:1.3.0] AndroidManifest.xml:49:13-51:29
137                <action android:name="androidx.profileinstaller.action.BENCHMARK_OPERATION" />
137-->[androidx.profileinstaller:profileinstaller:1.3.0] AndroidManifest.xml:50:17-95
137-->[androidx.profileinstaller:profileinstaller:1.3.0] AndroidManifest.xml:50:25-92
138            </intent-filter>
139        </receiver>
140    </application>
141
142</manifest>